<?xml version="1.0" encoding="UTF-8"?>
<!-- Generated by org.testng.reporters.JUnitReportReporter -->
<testsuite hostname="DESKTOP-8SJFQJ0" failures="0" tests="1" name="com.newproject.Jenkins_Proj" time="91.445" errors="0" timestamp="2023-03-30T13:37:32 IST" skipped="0">
  <testcase classname="com.newproject.Jenkins_Proj" name="launchBrowser" time="91.445"/>
  <system-out/>
</testsuite> <!-- com.newproject.Jenkins_Proj -->
